<?xml version="1.0" encoding="UTF-8"?>
<!-- Generated by org.testng.reporters.JUnitReportReporter -->
<testsuite skipped="0" hostname="LAPTOP-E4TO9P97" name="Testcases.Railway.TC07" tests="1" failures="1" timestamp="2022-01-06T16:17:03 ICT" time="6.974" errors="0">
  <testcase name="TC07" time="6.974" classname="Testcases.Railway.TC07">
    <failure type="java.lang.AssertionError" message="Error that user cannot register an account. expected [Thank you for registering your account.] but found [Create account

Please fill the form below to create a new account or login if you already have one.
If you already created an account but haven&#039;t confirmed it yet, go here and enter the confirmation code which can be found in your email.
Please make sure your PID/Passport Number is correct. It can&#039;t be changed.
There&#039;re errors in the form. Please correct the errors and try again.
Sign-up Form
Email (6 - 32 characters):
Password (8 - 64 characters):
Invalid password length
Confirm Password:
PID/Passport number (8 - 20 characters):]">
      <![CDATA[java.lang.AssertionError: Error that user cannot register an account. expected [Thank you for registering your account.] but found [Create account

Please fill the form below to create a new account or login if you already have one.
If you already created an account but haven't confirmed it yet, go here and enter the confirmation code which can be found in your email.
Please make sure your PID/Passport Number is correct. It can't be changed.
There're errors in the form. Please correct the errors and try again.
Sign-up Form
Email (6 - 32 characters):
Password (8 - 64 characters):
Invalid password length
Confirm Password:
PID/Passport number (8 - 20 characters):]
at org.testng.Assert.fail(Assert.java:99)
at org.testng.Assert.failNotEquals(Assert.java:1037)
at org.testng.Assert.assertEqualsImpl(Assert.java:140)
at org.testng.Assert.assertEquals(Assert.java:122)
at org.testng.Assert.assertEquals(Assert.java:629)
at Testcases.Railway.TC07.TC07(TC07.java:30)
at sun.reflect.NativeMethodAccessorImpl.invoke0(Native Method)
at sun.reflect.NativeMethodAccessorImpl.invoke(NativeMethodAccessorImpl.java:62)
at sun.reflect.DelegatingMethodAccessorImpl.invoke(DelegatingMethodAccessorImpl.java:43)
at java.lang.reflect.Method.invoke(Method.java:498)
at org.testng.internal.MethodInvocationHelper.invokeMethod(MethodInvocationHelper.java:133)
at org.testng.internal.TestInvoker.invokeMethod(TestInvoker.java:598)
at org.testng.internal.TestInvoker.invokeTestMethod(TestInvoker.java:173)
at org.testng.internal.MethodRunner.runInSequence(MethodRunner.java:46)
at org.testng.internal.TestInvoker$MethodInvocationAgent.invoke(TestInvoker.java:824)
at org.testng.internal.TestInvoker.invokeTestMethods(TestInvoker.java:146)
at org.testng.internal.TestMethodWorker.invokeTestMethods(TestMethodWorker.java:146)
at org.testng.internal.TestMethodWorker.run(TestMethodWorker.java:128)
at java.util.ArrayList.forEach(ArrayList.java:1257)
at org.testng.TestRunner.privateRun(TestRunner.java:794)
at org.testng.TestRunner.run(TestRunner.java:596)
at org.testng.SuiteRunner.runTest(SuiteRunner.java:377)
at org.testng.SuiteRunner.runSequentially(SuiteRunner.java:371)
at org.testng.SuiteRunner.privateRun(SuiteRunner.java:332)
at org.testng.SuiteRunner.run(SuiteRunner.java:276)
at org.testng.SuiteRunnerWorker.runSuite(SuiteRunnerWorker.java:53)
at org.testng.SuiteRunnerWorker.run(SuiteRunnerWorker.java:96)
at org.testng.TestNG.runSuitesSequentially(TestNG.java:1212)
at org.testng.TestNG.runSuitesLocally(TestNG.java:1134)
at org.testng.TestNG.runSuites(TestNG.java:1063)
at org.testng.TestNG.run(TestNG.java:1031)
at com.intellij.rt.testng.IDEARemoteTestNG.run(IDEARemoteTestNG.java:66)
at com.intellij.rt.testng.RemoteTestNGStarter.main(RemoteTestNGStarter.java:109)
]]>
    </failure>
  </testcase> <!-- TC07 -->
  <system-out/>
</testsuite> <!-- Testcases.Railway.TC07 -->
